2017-06-29 15:00:43.659  INFO 8648 --- [restartedMain] com.wanger.TestApplication               : Starting TestApplication on Ryan-PC with PID 8648 (D:\work\SVN_CODE\workspace2\springboot+mybatis+druid\target\classes started by Ryan in D:\work\SVN_CODE\workspace2\springboot+mybatis+druid)
2017-06-29 15:00:43.659  INFO 8648 --- [restartedMain] com.wanger.TestApplication               : No active profile set, falling back to default profiles: default
2017-06-29 15:00:43.737  INFO 8648 --- [restartedMain] ationConfigEmbeddedWebApplicationContext : Refreshing org.springframework.boot.context.embedded.AnnotationConfigEmbeddedWebApplicationContext@1e2d777: startup date [Thu Jun 29 15:00:43 CST 2017]; root of context hierarchy
2017-06-29 15:00:45.330  INFO 8648 --- [restartedMain] trationDelegate$BeanPostProcessorChecker : Bean 'org.springframework.boot.autoconfigure.jdbc.DataSourceConfiguration$Generic' of type [org.springframework.boot.autoconfigure.jdbc.DataSourceConfiguration$Generic] is not eligible for getting processed by all BeanPostProcessors (for example: not eligible for auto-proxying)
2017-06-29 15:00:45.393  INFO 8648 --- [restartedMain] trationDelegate$BeanPostProcessorChecker : Bean 'spring.datasource-org.springframework.boot.autoconfigure.jdbc.DataSourceProperties' of type [org.springframework.boot.autoconfigure.jdbc.DataSourceProperties] is not eligible for getting processed by all BeanPostProcessors (for example: not eligible for auto-proxying)
2017-06-29 15:00:45.549  INFO 8648 --- [restartedMain] trationDelegate$BeanPostProcessorChecker : Bean 'dataSource' of type [com.alibaba.druid.pool.DruidDataSource] is not eligible for getting processed by all BeanPostProcessors (for example: not eligible for auto-proxying)
2017-06-29 15:00:45.549  INFO 8648 --- [restartedMain] trationDelegate$BeanPostProcessorChecker : Bean 'org.springframework.boot.autoconfigure.jdbc.DataSourceAutoConfiguration' of type [org.springframework.boot.autoconfigure.jdbc.DataSourceAutoConfiguration$$EnhancerBySpringCGLIB$$922fb67c] is not eligible for getting processed by all BeanPostProcessors (for example: not eligible for auto-proxying)
2017-06-29 15:00:45.580  INFO 8648 --- [restartedMain] trationDelegate$BeanPostProcessorChecker : Bean 'dataSourceInitializer' of type [org.springframework.boot.autoconfigure.jdbc.DataSourceInitializer] is not eligible for getting processed by all BeanPostProcessors (for example: not eligible for auto-proxying)
2017-06-29 15:00:45.580  INFO 8648 --- [restartedMain] trationDelegate$BeanPostProcessorChecker : Bean 'myBatisConfig' of type [com.wanger.utils.mybatis.MyBatisConfig$$EnhancerBySpringCGLIB$$9001d8ed] is not eligible for getting processed by all BeanPostProcessors (for example: not eligible for auto-proxying)
2017-06-29 15:00:45.596  INFO 8648 --- [restartedMain] trationDelegate$BeanPostProcessorChecker : Bean 'annotationDrivenTransactionManager' of type [org.springframework.jdbc.datasource.DataSourceTransactionManager] is not eligible for getting processed by all BeanPostProcessors (for example: not eligible for auto-proxying)
2017-06-29 15:00:45.596  INFO 8648 --- [restartedMain] trationDelegate$BeanPostProcessorChecker : Bean 'org.springframework.transaction.annotation.ProxyTransactionManagementConfiguration' of type [org.springframework.transaction.annotation.ProxyTransactionManagementConfiguration$$EnhancerBySpringCGLIB$$b03c131c] is not eligible for getting processed by all BeanPostProcessors (for example: not eligible for auto-proxying)
2017-06-29 15:00:45.939  INFO 8648 --- [restartedMain] s.b.c.e.t.TomcatEmbeddedServletContainer : Tomcat initialized with port(s): 9090 (http)
2017-06-29 15:00:45.939  INFO 8648 --- [restartedMain] o.apache.catalina.core.StandardService   : Starting service Tomcat
2017-06-29 15:00:45.939  INFO 8648 --- [restartedMain] org.apache.catalina.core.StandardEngine  : Starting Servlet Engine: Apache Tomcat/8.5.11
2017-06-29 15:00:46.079  INFO 8648 --- [localhost-startStop-1] o.a.c.c.C.[.[localhost].[/myspringboot]  : Initializing Spring embedded WebApplicationContext
2017-06-29 15:00:46.079  INFO 8648 --- [localhost-startStop-1] o.s.web.context.ContextLoader            : Root WebApplicationContext: initialization completed in 2342 ms
2017-06-29 15:00:46.282  INFO 8648 --- [localhost-startStop-1] o.s.b.w.servlet.ServletRegistrationBean  : Mapping servlet: 'dispatcherServlet' to [/]
2017-06-29 15:00:46.282  INFO 8648 --- [localhost-startStop-1] o.s.b.w.servlet.ServletRegistrationBean  : Mapping servlet: 'com.wanger.controller.druid.DruidStatViewServlet' to [/druid/*]
2017-06-29 15:00:46.282  INFO 8648 --- [localhost-startStop-1] o.s.b.w.servlet.FilterRegistrationBean   : Mapping filter: 'characterEncodingFilter' to: [/*]
2017-06-29 15:00:46.282  INFO 8648 --- [localhost-startStop-1] o.s.b.w.servlet.FilterRegistrationBean   : Mapping filter: 'hiddenHttpMethodFilter' to: [/*]
2017-06-29 15:00:46.282  INFO 8648 --- [localhost-startStop-1] o.s.b.w.servlet.FilterRegistrationBean   : Mapping filter: 'httpPutFormContentFilter' to: [/*]
2017-06-29 15:00:46.282  INFO 8648 --- [localhost-startStop-1] o.s.b.w.servlet.FilterRegistrationBean   : Mapping filter: 'requestContextFilter' to: [/*]
2017-06-29 15:00:46.282  INFO 8648 --- [localhost-startStop-1] o.s.b.w.servlet.FilterRegistrationBean   : Mapping filter: 'druidWebStatFilter' to urls: [/*]
2017-06-29 15:00:48.080  INFO 8648 --- [restartedMain] s.w.s.m.m.a.RequestMappingHandlerAdapter : Looking for @ControllerAdvice: org.springframework.boot.context.embedded.AnnotationConfigEmbeddedWebApplicationContext@1e2d777: startup date [Thu Jun 29 15:00:43 CST 2017]; root of context hierarchy
2017-06-29 15:00:48.134  INFO 8648 --- [restartedMain] s.w.s.m.m.a.RequestMappingHandlerMapping : Mapped "{[/hello1]}" onto public java.lang.String com.wanger.controller.HelloWorldController.findUser(java.lang.String)
2017-06-29 15:00:48.134  INFO 8648 --- [restartedMain] s.w.s.m.m.a.RequestMappingHandlerMapping : Mapped "{[/hello]}" onto public java.lang.String com.wanger.controller.HelloWorldController.index()
2017-06-29 15:00:48.150  INFO 8648 --- [restartedMain] s.w.s.m.m.a.RequestMappingHandlerMapping : Mapped "{[/error],produces=[text/html]}" onto public org.springframework.web.servlet.ModelAndView org.springframework.boot.autoconfigure.web.BasicErrorController.errorHtml(javax.servlet.http.HttpServletRequest,javax.servlet.http.HttpServletResponse)
2017-06-29 15:00:48.150  INFO 8648 --- [restartedMain] s.w.s.m.m.a.RequestMappingHandlerMapping : Mapped "{[/error]}" onto public org.springframework.http.ResponseEntity<java.util.Map<java.lang.String, java.lang.Object>> org.springframework.boot.autoconfigure.web.BasicErrorController.error(javax.servlet.http.HttpServletRequest)
2017-06-29 15:00:48.181  INFO 8648 --- [restartedMain] o.s.w.s.handler.SimpleUrlHandlerMapping  : Mapped URL path [/webjars/**] onto handler of type [class org.springframework.web.servlet.resource.ResourceHttpRequestHandler]
2017-06-29 15:00:48.181  INFO 8648 --- [restartedMain] o.s.w.s.handler.SimpleUrlHandlerMapping  : Mapped URL path [/**] onto handler of type [class org.springframework.web.servlet.resource.ResourceHttpRequestHandler]
2017-06-29 15:00:48.228  INFO 8648 --- [restartedMain] o.s.w.s.handler.SimpleUrlHandlerMapping  : Mapped URL path [/**/favicon.ico] onto handler of type [class org.springframework.web.servlet.resource.ResourceHttpRequestHandler]
2017-06-29 15:00:48.555  INFO 8648 --- [restartedMain] o.s.b.d.a.OptionalLiveReloadServer       : LiveReload server is running on port 35729
2017-06-29 15:00:48.711  INFO 8648 --- [restartedMain] o.s.j.e.a.AnnotationMBeanExporter        : Registering beans for JMX exposure on startup
2017-06-29 15:00:48.727  INFO 8648 --- [restartedMain] o.s.j.e.a.AnnotationMBeanExporter        : Bean with name 'dataSource' has been autodetected for JMX exposure
2017-06-29 15:00:48.727  INFO 8648 --- [restartedMain] o.s.j.e.a.AnnotationMBeanExporter        : Located MBean 'dataSource': registering with JMX server as MBean [com.alibaba.druid.pool:name=dataSource,type=DruidDataSource]
2017-06-29 15:00:48.852  INFO 8648 --- [restartedMain] s.b.c.e.t.TomcatEmbeddedServletContainer : Tomcat started on port(s): 9090 (http)
2017-06-29 15:00:48.898  INFO 8648 --- [restartedMain] com.wanger.TestApplication               : Started TestApplication in 5.677 seconds (JVM running for 6.395)
2017-06-29 15:01:53.741  INFO 8648 --- [Thread-6] ationConfigEmbeddedWebApplicationContext : Closing org.springframework.boot.context.embedded.AnnotationConfigEmbeddedWebApplicationContext@1e2d777: startup date [Thu Jun 29 15:00:43 CST 2017]; root of context hierarchy
2017-06-29 15:01:53.741  INFO 8648 --- [Thread-6] o.s.j.e.a.AnnotationMBeanExporter        : Unregistering JMX-exposed beans on shutdown
2017-06-29 15:01:53.757  INFO 8648 --- [Thread-6] o.s.j.e.a.AnnotationMBeanExporter        : Unregistering JMX-exposed beans
2017-06-29 15:02:01.280  INFO 6520 --- [restartedMain] com.wanger.TestApplication               : Starting TestApplication on Ryan-PC with PID 6520 (D:\work\SVN_CODE\workspace2\springboot+mybatis+druid\target\classes started by Ryan in D:\work\SVN_CODE\workspace2\springboot+mybatis+druid)
2017-06-29 15:02:01.296  INFO 6520 --- [restartedMain] com.wanger.TestApplication               : No active profile set, falling back to default profiles: default
2017-06-29 15:02:01.359  INFO 6520 --- [restartedMain] ationConfigEmbeddedWebApplicationContext : Refreshing org.springframework.boot.context.embedded.AnnotationConfigEmbeddedWebApplicationContext@f50caf: startup date [Thu Jun 29 15:02:01 CST 2017]; root of context hierarchy
2017-06-29 15:02:02.467  INFO 6520 --- [restartedMain] trationDelegate$BeanPostProcessorChecker : Bean 'org.springframework.boot.autoconfigure.jdbc.DataSourceConfiguration$Generic' of type [org.springframework.boot.autoconfigure.jdbc.DataSourceConfiguration$Generic] is not eligible for getting processed by all BeanPostProcessors (for example: not eligible for auto-proxying)
2017-06-29 15:02:02.515  INFO 6520 --- [restartedMain] trationDelegate$BeanPostProcessorChecker : Bean 'spring.datasource-org.springframework.boot.autoconfigure.jdbc.DataSourceProperties' of type [org.springframework.boot.autoconfigure.jdbc.DataSourceProperties] is not eligible for getting processed by all BeanPostProcessors (for example: not eligible for auto-proxying)
2017-06-29 15:02:02.577  INFO 6520 --- [restartedMain] trationDelegate$BeanPostProcessorChecker : Bean 'dataSource' of type [com.alibaba.druid.pool.DruidDataSource] is not eligible for getting processed by all BeanPostProcessors (for example: not eligible for auto-proxying)
2017-06-29 15:02:02.577  INFO 6520 --- [restartedMain] trationDelegate$BeanPostProcessorChecker : Bean 'org.springframework.boot.autoconfigure.jdbc.DataSourceAutoConfiguration' of type [org.springframework.boot.autoconfigure.jdbc.DataSourceAutoConfiguration$$EnhancerBySpringCGLIB$$e1daf5e9] is not eligible for getting processed by all BeanPostProcessors (for example: not eligible for auto-proxying)
2017-06-29 15:02:02.608  INFO 6520 --- [restartedMain] trationDelegate$BeanPostProcessorChecker : Bean 'dataSourceInitializer' of type [org.springframework.boot.autoconfigure.jdbc.DataSourceInitializer] is not eligible for getting processed by all BeanPostProcessors (for example: not eligible for auto-proxying)
2017-06-29 15:02:02.608  INFO 6520 --- [restartedMain] trationDelegate$BeanPostProcessorChecker : Bean 'myBatisConfig' of type [com.wanger.utils.mybatis.MyBatisConfig$$EnhancerBySpringCGLIB$$dfad185a] is not eligible for getting processed by all BeanPostProcessors (for example: not eligible for auto-proxying)
2017-06-29 15:02:02.624  INFO 6520 --- [restartedMain] trationDelegate$BeanPostProcessorChecker : Bean 'annotationDrivenTransactionManager' of type [org.springframework.jdbc.datasource.DataSourceTransactionManager] is not eligible for getting processed by all BeanPostProcessors (for example: not eligible for auto-proxying)
2017-06-29 15:02:02.624  INFO 6520 --- [restartedMain] trationDelegate$BeanPostProcessorChecker : Bean 'org.springframework.transaction.annotation.ProxyTransactionManagementConfiguration' of type [org.springframework.transaction.annotation.ProxyTransactionManagementConfiguration$$EnhancerBySpringCGLIB$$ffe75289] is not eligible for getting processed by all BeanPostProcessors (for example: not eligible for auto-proxying)
2017-06-29 15:02:02.905  INFO 6520 --- [restartedMain] s.b.c.e.t.TomcatEmbeddedServletContainer : Tomcat initialized with port(s): 8080 (http)
2017-06-29 15:02:02.920  INFO 6520 --- [restartedMain] o.apache.catalina.core.StandardService   : Starting service Tomcat
2017-06-29 15:02:02.920  INFO 6520 --- [restartedMain] org.apache.catalina.core.StandardEngine  : Starting Servlet Engine: Apache Tomcat/8.5.11
2017-06-29 15:02:03.045  INFO 6520 --- [localhost-startStop-1] o.a.c.c.C.[.[localhost].[/myspringboot]  : Initializing Spring embedded WebApplicationContext
2017-06-29 15:02:03.045  INFO 6520 --- [localhost-startStop-1] o.s.web.context.ContextLoader            : Root WebApplicationContext: initialization completed in 1686 ms
2017-06-29 15:02:03.232  INFO 6520 --- [localhost-startStop-1] o.s.b.w.servlet.ServletRegistrationBean  : Mapping servlet: 'dispatcherServlet' to [/]
2017-06-29 15:02:03.232  INFO 6520 --- [localhost-startStop-1] o.s.b.w.servlet.ServletRegistrationBean  : Mapping servlet: 'com.wanger.controller.druid.DruidStatViewServlet' to [/druid/*]
2017-06-29 15:02:03.232  INFO 6520 --- [localhost-startStop-1] o.s.b.w.servlet.FilterRegistrationBean   : Mapping filter: 'characterEncodingFilter' to: [/*]
2017-06-29 15:02:03.232  INFO 6520 --- [localhost-startStop-1] o.s.b.w.servlet.FilterRegistrationBean   : Mapping filter: 'hiddenHttpMethodFilter' to: [/*]
2017-06-29 15:02:03.232  INFO 6520 --- [localhost-startStop-1] o.s.b.w.servlet.FilterRegistrationBean   : Mapping filter: 'httpPutFormContentFilter' to: [/*]
2017-06-29 15:02:03.232  INFO 6520 --- [localhost-startStop-1] o.s.b.w.servlet.FilterRegistrationBean   : Mapping filter: 'requestContextFilter' to: [/*]
2017-06-29 15:02:03.232  INFO 6520 --- [localhost-startStop-1] o.s.b.w.servlet.FilterRegistrationBean   : Mapping filter: 'druidWebStatFilter' to urls: [/*]
2017-06-29 15:02:03.841  INFO 6520 --- [restartedMain] s.w.s.m.m.a.RequestMappingHandlerAdapter : Looking for @ControllerAdvice: org.springframework.boot.context.embedded.AnnotationConfigEmbeddedWebApplicationContext@f50caf: startup date [Thu Jun 29 15:02:01 CST 2017]; root of context hierarchy
2017-06-29 15:02:03.888  INFO 6520 --- [restartedMain] s.w.s.m.m.a.RequestMappingHandlerMapping : Mapped "{[/hello1]}" onto public java.lang.String com.wanger.controller.HelloWorldController.findUser(java.lang.String)
2017-06-29 15:02:03.904  INFO 6520 --- [restartedMain] s.w.s.m.m.a.RequestMappingHandlerMapping : Mapped "{[/hello]}" onto public java.lang.String com.wanger.controller.HelloWorldController.index()
2017-06-29 15:02:03.904  INFO 6520 --- [restartedMain] s.w.s.m.m.a.RequestMappingHandlerMapping : Mapped "{[/error],produces=[text/html]}" onto public org.springframework.web.servlet.ModelAndView org.springframework.boot.autoconfigure.web.BasicErrorController.errorHtml(javax.servlet.http.HttpServletRequest,javax.servlet.http.HttpServletResponse)
2017-06-29 15:02:03.904  INFO 6520 --- [restartedMain] s.w.s.m.m.a.RequestMappingHandlerMapping : Mapped "{[/error]}" onto public org.springframework.http.ResponseEntity<java.util.Map<java.lang.String, java.lang.Object>> org.springframework.boot.autoconfigure.web.BasicErrorController.error(javax.servlet.http.HttpServletRequest)
2017-06-29 15:02:03.935  INFO 6520 --- [restartedMain] o.s.w.s.handler.SimpleUrlHandlerMapping  : Mapped URL path [/webjars/**] onto handler of type [class org.springframework.web.servlet.resource.ResourceHttpRequestHandler]
2017-06-29 15:02:03.935  INFO 6520 --- [restartedMain] o.s.w.s.handler.SimpleUrlHandlerMapping  : Mapped URL path [/**] onto handler of type [class org.springframework.web.servlet.resource.ResourceHttpRequestHandler]
2017-06-29 15:02:03.982  INFO 6520 --- [restartedMain] o.s.w.s.handler.SimpleUrlHandlerMapping  : Mapped URL path [/**/favicon.ico] onto handler of type [class org.springframework.web.servlet.resource.ResourceHttpRequestHandler]
2017-06-29 15:02:04.216  INFO 6520 --- [restartedMain] o.s.b.d.a.OptionalLiveReloadServer       : LiveReload server is running on port 35729
2017-06-29 15:02:04.341  INFO 6520 --- [restartedMain] o.s.j.e.a.AnnotationMBeanExporter        : Registering beans for JMX exposure on startup
2017-06-29 15:02:04.356  INFO 6520 --- [restartedMain] o.s.j.e.a.AnnotationMBeanExporter        : Bean with name 'dataSource' has been autodetected for JMX exposure
2017-06-29 15:02:04.356  INFO 6520 --- [restartedMain] o.s.j.e.a.AnnotationMBeanExporter        : Located MBean 'dataSource': registering with JMX server as MBean [com.alibaba.druid.pool:name=dataSource,type=DruidDataSource]
2017-06-29 15:02:04.419  INFO 6520 --- [restartedMain] s.b.c.e.t.TomcatEmbeddedServletContainer : Tomcat started on port(s): 8080 (http)
2017-06-29 15:02:04.419  INFO 6520 --- [restartedMain] com.wanger.TestApplication               : Started TestApplication in 3.466 seconds (JVM running for 3.732)
2017-06-29 15:04:38.813  INFO 6520 --- [Thread-6] ationConfigEmbeddedWebApplicationContext : Closing org.springframework.boot.context.embedded.AnnotationConfigEmbeddedWebApplicationContext@f50caf: startup date [Thu Jun 29 15:02:01 CST 2017]; root of context hierarchy
2017-06-29 15:04:38.816  INFO 6520 --- [Thread-6] o.s.j.e.a.AnnotationMBeanExporter        : Unregistering JMX-exposed beans on shutdown
2017-06-29 15:04:38.816  INFO 6520 --- [Thread-6] o.s.j.e.a.AnnotationMBeanExporter        : Unregistering JMX-exposed beans
2017-06-29 15:07:00.645  INFO 8380 --- [restartedMain] com.wanger.TestApplication               : Starting TestApplication on Ryan-PC with PID 8380 (D:\work\SVN_CODE\workspace2\springboot+mybatis+druid\target\classes started by Ryan in D:\work\SVN_CODE\workspace2\springboot+mybatis+druid)
2017-06-29 15:07:00.645  INFO 8380 --- [restartedMain] com.wanger.TestApplication               : No active profile set, falling back to default profiles: default
2017-06-29 15:07:00.726  INFO 8380 --- [restartedMain] ationConfigEmbeddedWebApplicationContext : Refreshing org.springframework.boot.context.embedded.AnnotationConfigEmbeddedWebApplicationContext@14d2465: startup date [Thu Jun 29 15:07:00 CST 2017]; root of context hierarchy
2017-06-29 15:07:01.868  INFO 8380 --- [restartedMain] trationDelegate$BeanPostProcessorChecker : Bean 'org.springframework.boot.autoconfigure.jdbc.DataSourceConfiguration$Generic' of type [org.springframework.boot.autoconfigure.jdbc.DataSourceConfiguration$Generic] is not eligible for getting processed by all BeanPostProcessors (for example: not eligible for auto-proxying)
2017-06-29 15:07:01.900  INFO 8380 --- [restartedMain] trationDelegate$BeanPostProcessorChecker : Bean 'spring.datasource-org.springframework.boot.autoconfigure.jdbc.DataSourceProperties' of type [org.springframework.boot.autoconfigure.jdbc.DataSourceProperties] is not eligible for getting processed by all BeanPostProcessors (for example: not eligible for auto-proxying)
2017-06-29 15:07:01.978  INFO 8380 --- [restartedMain] trationDelegate$BeanPostProcessorChecker : Bean 'dataSource' of type [com.alibaba.druid.pool.DruidDataSource] is not eligible for getting processed by all BeanPostProcessors (for example: not eligible for auto-proxying)
2017-06-29 15:07:01.994  INFO 8380 --- [restartedMain] trationDelegate$BeanPostProcessorChecker : Bean 'org.springframework.boot.autoconfigure.jdbc.DataSourceAutoConfiguration' of type [org.springframework.boot.autoconfigure.jdbc.DataSourceAutoConfiguration$$EnhancerBySpringCGLIB$$cdfe4249] is not eligible for getting processed by all BeanPostProcessors (for example: not eligible for auto-proxying)
2017-06-29 15:07:02.025  INFO 8380 --- [restartedMain] trationDelegate$BeanPostProcessorChecker : Bean 'dataSourceInitializer' of type [org.springframework.boot.autoconfigure.jdbc.DataSourceInitializer] is not eligible for getting processed by all BeanPostProcessors (for example: not eligible for auto-proxying)
2017-06-29 15:07:02.025  INFO 8380 --- [restartedMain] trationDelegate$BeanPostProcessorChecker : Bean 'myBatisConfig' of type [com.wanger.utils.mybatis.MyBatisConfig$$EnhancerBySpringCGLIB$$cbd064ba] is not eligible for getting processed by all BeanPostProcessors (for example: not eligible for auto-proxying)
2017-06-29 15:07:02.041  INFO 8380 --- [restartedMain] trationDelegate$BeanPostProcessorChecker : Bean 'annotationDrivenTransactionManager' of type [org.springframework.jdbc.datasource.DataSourceTransactionManager] is not eligible for getting processed by all BeanPostProcessors (for example: not eligible for auto-proxying)
2017-06-29 15:07:02.041  INFO 8380 --- [restartedMain] trationDelegate$BeanPostProcessorChecker : Bean 'org.springframework.transaction.annotation.ProxyTransactionManagementConfiguration' of type [org.springframework.transaction.annotation.ProxyTransactionManagementConfiguration$$EnhancerBySpringCGLIB$$ec0a9ee9] is not eligible for getting processed by all BeanPostProcessors (for example: not eligible for auto-proxying)
2017-06-29 15:07:02.322  INFO 8380 --- [restartedMain] s.b.c.e.t.TomcatEmbeddedServletContainer : Tomcat initialized with port(s): 8080 (http)
2017-06-29 15:07:02.337  INFO 8380 --- [restartedMain] o.apache.catalina.core.StandardService   : Starting service Tomcat
2017-06-29 15:07:02.337  INFO 8380 --- [restartedMain] org.apache.catalina.core.StandardEngine  : Starting Servlet Engine: Apache Tomcat/8.5.11
2017-06-29 15:07:02.478  INFO 8380 --- [localhost-startStop-1] o.a.c.c.C.[.[localhost].[/myspringboot]  : Initializing Spring embedded WebApplicationContext
2017-06-29 15:07:02.478  INFO 8380 --- [localhost-startStop-1] o.s.web.context.ContextLoader            : Root WebApplicationContext: initialization completed in 1767 ms
2017-06-29 15:07:02.641  INFO 8380 --- [localhost-startStop-1] o.s.b.w.servlet.ServletRegistrationBean  : Mapping servlet: 'dispatcherServlet' to [/]
2017-06-29 15:07:02.656  INFO 8380 --- [localhost-startStop-1] o.s.b.w.servlet.ServletRegistrationBean  : Mapping servlet: 'com.wanger.controller.druid.DruidStatViewServlet' to [/druid/*]
2017-06-29 15:07:02.656  INFO 8380 --- [localhost-startStop-1] o.s.b.w.servlet.FilterRegistrationBean   : Mapping filter: 'characterEncodingFilter' to: [/*]
2017-06-29 15:07:02.656  INFO 8380 --- [localhost-startStop-1] o.s.b.w.servlet.FilterRegistrationBean   : Mapping filter: 'hiddenHttpMethodFilter' to: [/*]
2017-06-29 15:07:02.656  INFO 8380 --- [localhost-startStop-1] o.s.b.w.servlet.FilterRegistrationBean   : Mapping filter: 'httpPutFormContentFilter' to: [/*]
2017-06-29 15:07:02.656  INFO 8380 --- [localhost-startStop-1] o.s.b.w.servlet.FilterRegistrationBean   : Mapping filter: 'requestContextFilter' to: [/*]
2017-06-29 15:07:02.656  INFO 8380 --- [localhost-startStop-1] o.s.b.w.servlet.FilterRegistrationBean   : Mapping filter: 'druidWebStatFilter' to urls: [/*]
2017-06-29 15:07:03.241  INFO 8380 --- [restartedMain] s.w.s.m.m.a.RequestMappingHandlerAdapter : Looking for @ControllerAdvice: org.springframework.boot.context.embedded.AnnotationConfigEmbeddedWebApplicationContext@14d2465: startup date [Thu Jun 29 15:07:00 CST 2017]; root of context hierarchy
2017-06-29 15:07:03.305  INFO 8380 --- [restartedMain] s.w.s.m.m.a.RequestMappingHandlerMapping : Mapped "{[/hello1]}" onto public java.lang.String com.wanger.controller.HelloWorldController.findUser(java.lang.String)
2017-06-29 15:07:03.305  INFO 8380 --- [restartedMain] s.w.s.m.m.a.RequestMappingHandlerMapping : Mapped "{[/hello]}" onto public java.lang.String com.wanger.controller.HelloWorldController.index()
2017-06-29 15:07:03.320  INFO 8380 --- [restartedMain] s.w.s.m.m.a.RequestMappingHandlerMapping : Mapped "{[/error],produces=[text/html]}" onto public org.springframework.web.servlet.ModelAndView org.springframework.boot.autoconfigure.web.BasicErrorController.errorHtml(javax.servlet.http.HttpServletRequest,javax.servlet.http.HttpServletResponse)
2017-06-29 15:07:03.320  INFO 8380 --- [restartedMain] s.w.s.m.m.a.RequestMappingHandlerMapping : Mapped "{[/error]}" onto public org.springframework.http.ResponseEntity<java.util.Map<java.lang.String, java.lang.Object>> org.springframework.boot.autoconfigure.web.BasicErrorController.error(javax.servlet.http.HttpServletRequest)
2017-06-29 15:07:03.352  INFO 8380 --- [restartedMain] o.s.w.s.handler.SimpleUrlHandlerMapping  : Mapped URL path [/webjars/**] onto handler of type [class org.springframework.web.servlet.resource.ResourceHttpRequestHandler]
2017-06-29 15:07:03.352  INFO 8380 --- [restartedMain] o.s.w.s.handler.SimpleUrlHandlerMapping  : Mapped URL path [/**] onto handler of type [class org.springframework.web.servlet.resource.ResourceHttpRequestHandler]
2017-06-29 15:07:03.398  INFO 8380 --- [restartedMain] o.s.w.s.handler.SimpleUrlHandlerMapping  : Mapped URL path [/**/favicon.ico] onto handler of type [class org.springframework.web.servlet.resource.ResourceHttpRequestHandler]
2017-06-29 15:07:03.648  INFO 8380 --- [restartedMain] o.s.b.d.a.OptionalLiveReloadServer       : LiveReload server is running on port 35729
2017-06-29 15:07:03.806  INFO 8380 --- [restartedMain] o.s.j.e.a.AnnotationMBeanExporter        : Registering beans for JMX exposure on startup
2017-06-29 15:07:03.806  INFO 8380 --- [restartedMain] o.s.j.e.a.AnnotationMBeanExporter        : Bean with name 'dataSource' has been autodetected for JMX exposure
2017-06-29 15:07:03.806  INFO 8380 --- [restartedMain] o.s.j.e.a.AnnotationMBeanExporter        : Located MBean 'dataSource': registering with JMX server as MBean [com.alibaba.druid.pool:name=dataSource,type=DruidDataSource]
2017-06-29 15:07:03.853  INFO 8380 --- [restartedMain] s.b.c.e.t.TomcatEmbeddedServletContainer : Tomcat started on port(s): 8080 (http)
2017-06-29 15:07:03.853  INFO 8380 --- [restartedMain] com.wanger.TestApplication               : Started TestApplication in 3.474 seconds (JVM running for 3.752)
2017-06-29 15:54:47.988  INFO 7608 --- [restartedMain] com.wanger.TestApplication               : Starting TestApplication on Ryan-PC with PID 7608 (D:\work\SVN_CODE\workspace2\springboot+mybatis+druid\target\classes started by Ryan in D:\work\SVN_CODE\workspace2\springboot+mybatis+druid)
2017-06-29 15:54:47.988  INFO 7608 --- [restartedMain] com.wanger.TestApplication               : No active profile set, falling back to default profiles: default
2017-06-29 15:54:48.066  INFO 7608 --- [restartedMain] ationConfigEmbeddedWebApplicationContext : Refreshing org.springframework.boot.context.embedded.AnnotationConfigEmbeddedWebApplicationContext@196b73e: startup date [Thu Jun 29 15:54:48 CST 2017]; root of context hierarchy
2017-06-29 15:54:49.236  INFO 7608 --- [restartedMain] trationDelegate$BeanPostProcessorChecker : Bean 'org.springframework.boot.autoconfigure.jdbc.DataSourceConfiguration$Generic' of type [org.springframework.boot.autoconfigure.jdbc.DataSourceConfiguration$Generic] is not eligible for getting processed by all BeanPostProcessors (for example: not eligible for auto-proxying)
2017-06-29 15:54:49.284  INFO 7608 --- [restartedMain] trationDelegate$BeanPostProcessorChecker : Bean 'spring.datasource-org.springframework.boot.autoconfigure.jdbc.DataSourceProperties' of type [org.springframework.boot.autoconfigure.jdbc.DataSourceProperties] is not eligible for getting processed by all BeanPostProcessors (for example: not eligible for auto-proxying)
2017-06-29 15:54:49.362  INFO 7608 --- [restartedMain] trationDelegate$BeanPostProcessorChecker : Bean 'dataSource' of type [com.alibaba.druid.pool.DruidDataSource] is not eligible for getting processed by all BeanPostProcessors (for example: not eligible for auto-proxying)
2017-06-29 15:54:49.362  INFO 7608 --- [restartedMain] trationDelegate$BeanPostProcessorChecker : Bean 'org.springframework.boot.autoconfigure.jdbc.DataSourceAutoConfiguration' of type [org.springframework.boot.autoconfigure.jdbc.DataSourceAutoConfiguration$$EnhancerBySpringCGLIB$$fd0b6034] is not eligible for getting processed by all BeanPostProcessors (for example: not eligible for auto-proxying)
2017-06-29 15:54:49.377  INFO 7608 --- [restartedMain] trationDelegate$BeanPostProcessorChecker : Bean 'dataSourceInitializer' of type [org.springframework.boot.autoconfigure.jdbc.DataSourceInitializer] is not eligible for getting processed by all BeanPostProcessors (for example: not eligible for auto-proxying)
2017-06-29 15:54:49.393  INFO 7608 --- [restartedMain] trationDelegate$BeanPostProcessorChecker : Bean 'myBatisConfig' of type [com.wanger.utils.mybatis.MyBatisConfig$$EnhancerBySpringCGLIB$$fadd82a5] is not eligible for getting processed by all BeanPostProcessors (for example: not eligible for auto-proxying)
2017-06-29 15:54:49.408  INFO 7608 --- [restartedMain] trationDelegate$BeanPostProcessorChecker : Bean 'annotationDrivenTransactionManager' of type [org.springframework.jdbc.datasource.DataSourceTransactionManager] is not eligible for getting processed by all BeanPostProcessors (for example: not eligible for auto-proxying)
2017-06-29 15:54:49.408  INFO 7608 --- [restartedMain] trationDelegate$BeanPostProcessorChecker : Bean 'org.springframework.transaction.annotation.ProxyTransactionManagementConfiguration' of type [org.springframework.transaction.annotation.ProxyTransactionManagementConfiguration$$EnhancerBySpringCGLIB$$1b17bcd4] is not eligible for getting processed by all BeanPostProcessors (for example: not eligible for auto-proxying)
2017-06-29 15:54:49.689  INFO 7608 --- [restartedMain] s.b.c.e.t.TomcatEmbeddedServletContainer : Tomcat initialized with port(s): 8080 (http)
2017-06-29 15:54:49.705  INFO 7608 --- [restartedMain] o.apache.catalina.core.StandardService   : Starting service Tomcat
2017-06-29 15:54:49.705  INFO 7608 --- [restartedMain] org.apache.catalina.core.StandardEngine  : Starting Servlet Engine: Apache Tomcat/8.5.11
2017-06-29 15:54:49.783  INFO 7608 --- [localhost-startStop-1] o.a.c.c.C.[.[localhost].[/myspringboot]  : Initializing Spring embedded WebApplicationContext
2017-06-29 15:54:49.783  INFO 7608 --- [localhost-startStop-1] o.s.web.context.ContextLoader            : Root WebApplicationContext: initialization completed in 1717 ms
2017-06-29 15:54:50.017  INFO 7608 --- [localhost-startStop-1] o.s.b.w.servlet.ServletRegistrationBean  : Mapping servlet: 'dispatcherServlet' to [/]
2017-06-29 15:54:50.017  INFO 7608 --- [localhost-startStop-1] o.s.b.w.servlet.ServletRegistrationBean  : Mapping servlet: 'com.wanger.controller.druid.DruidStatViewServlet' to [/druid/*]
2017-06-29 15:54:50.017  INFO 7608 --- [localhost-startStop-1] o.s.b.w.servlet.FilterRegistrationBean   : Mapping filter: 'characterEncodingFilter' to: [/*]
2017-06-29 15:54:50.017  INFO 7608 --- [localhost-startStop-1] o.s.b.w.servlet.FilterRegistrationBean   : Mapping filter: 'hiddenHttpMethodFilter' to: [/*]
2017-06-29 15:54:50.017  INFO 7608 --- [localhost-startStop-1] o.s.b.w.servlet.FilterRegistrationBean   : Mapping filter: 'httpPutFormContentFilter' to: [/*]
2017-06-29 15:54:50.017  INFO 7608 --- [localhost-startStop-1] o.s.b.w.servlet.FilterRegistrationBean   : Mapping filter: 'requestContextFilter' to: [/*]
2017-06-29 15:54:50.017  INFO 7608 --- [localhost-startStop-1] o.s.b.w.servlet.FilterRegistrationBean   : Mapping filter: 'druidWebStatFilter' to urls: [/*]
2017-06-29 15:54:50.750  INFO 7608 --- [restartedMain] s.w.s.m.m.a.RequestMappingHandlerAdapter : Looking for @ControllerAdvice: org.springframework.boot.context.embedded.AnnotationConfigEmbeddedWebApplicationContext@196b73e: startup date [Thu Jun 29 15:54:48 CST 2017]; root of context hierarchy
2017-06-29 15:54:50.829  INFO 7608 --- [restartedMain] s.w.s.m.m.a.RequestMappingHandlerMapping : Mapped "{[/hello1]}" onto public java.lang.String com.wanger.controller.HelloWorldController.findUser(java.lang.String)
2017-06-29 15:54:50.829  INFO 7608 --- [restartedMain] s.w.s.m.m.a.RequestMappingHandlerMapping : Mapped "{[/hello]}" onto public java.lang.String com.wanger.controller.HelloWorldController.index()
2017-06-29 15:54:50.829  INFO 7608 --- [restartedMain] s.w.s.m.m.a.RequestMappingHandlerMapping : Mapped "{[/error],produces=[text/html]}" onto public org.springframework.web.servlet.ModelAndView org.springframework.boot.autoconfigure.web.BasicErrorController.errorHtml(javax.servlet.http.HttpServletRequest,javax.servlet.http.HttpServletResponse)
2017-06-29 15:54:50.829  INFO 7608 --- [restartedMain] s.w.s.m.m.a.RequestMappingHandlerMapping : Mapped "{[/error]}" onto public org.springframework.http.ResponseEntity<java.util.Map<java.lang.String, java.lang.Object>> org.springframework.boot.autoconfigure.web.BasicErrorController.error(javax.servlet.http.HttpServletRequest)
2017-06-29 15:54:50.876  INFO 7608 --- [restartedMain] o.s.w.s.handler.SimpleUrlHandlerMapping  : Mapped URL path [/webjars/**] onto handler of type [class org.springframework.web.servlet.resource.ResourceHttpRequestHandler]
2017-06-29 15:54:50.876  INFO 7608 --- [restartedMain] o.s.w.s.handler.SimpleUrlHandlerMapping  : Mapped URL path [/**] onto handler of type [class org.springframework.web.servlet.resource.ResourceHttpRequestHandler]
2017-06-29 15:54:50.938  INFO 7608 --- [restartedMain] o.s.w.s.handler.SimpleUrlHandlerMapping  : Mapped URL path [/**/favicon.ico] onto handler of type [class org.springframework.web.servlet.resource.ResourceHttpRequestHandler]
2017-06-29 15:54:51.235  INFO 7608 --- [restartedMain] o.s.b.d.a.OptionalLiveReloadServer       : LiveReload server is running on port 35729
2017-06-29 15:54:51.344  INFO 7608 --- [restartedMain] o.s.j.e.a.AnnotationMBeanExporter        : Registering beans for JMX exposure on startup
2017-06-29 15:54:51.344  INFO 7608 --- [restartedMain] o.s.j.e.a.AnnotationMBeanExporter        : Bean with name 'dataSource' has been autodetected for JMX exposure
2017-06-29 15:54:51.344  INFO 7608 --- [restartedMain] o.s.j.e.a.AnnotationMBeanExporter        : Located MBean 'dataSource': registering with JMX server as MBean [com.alibaba.druid.pool:name=dataSource,type=DruidDataSource]
2017-06-29 15:54:51.509  INFO 7608 --- [restartedMain] s.b.c.e.t.TomcatEmbeddedServletContainer : Tomcat started on port(s): 8080 (http)
2017-06-29 15:54:51.509  INFO 7608 --- [restartedMain] com.wanger.TestApplication               : Started TestApplication in 3.803 seconds (JVM running for 4.115)
2017-06-29 15:58:56.427  INFO 6940 --- [restartedMain] com.wanger.TestApplication               : Starting TestApplication on Ryan-PC with PID 6940 (D:\work\SVN_CODE\workspace2\springboot+mybatis+druid\target\classes started by Ryan in D:\work\SVN_CODE\workspace2\springboot+mybatis+druid)
2017-06-29 15:58:56.427  INFO 6940 --- [restartedMain] com.wanger.TestApplication               : No active profile set, falling back to default profiles: default
2017-06-29 15:58:56.490  INFO 6940 --- [restartedMain] ationConfigEmbeddedWebApplicationContext : Refreshing org.springframework.boot.context.embedded.AnnotationConfigEmbeddedWebApplicationContext@1e4f266: startup date [Thu Jun 29 15:58:56 CST 2017]; root of context hierarchy
2017-06-29 15:58:57.675  INFO 6940 --- [restartedMain] trationDelegate$BeanPostProcessorChecker : Bean 'org.springframework.boot.autoconfigure.jdbc.DataSourceConfiguration$Generic' of type [org.springframework.boot.autoconfigure.jdbc.DataSourceConfiguration$Generic] is not eligible for getting processed by all BeanPostProcessors (for example: not eligible for auto-proxying)
2017-06-29 15:58:57.723  INFO 6940 --- [restartedMain] trationDelegate$BeanPostProcessorChecker : Bean 'spring.datasource-org.springframework.boot.autoconfigure.jdbc.DataSourceProperties' of type [org.springframework.boot.autoconfigure.jdbc.DataSourceProperties] is not eligible for getting processed by all BeanPostProcessors (for example: not eligible for auto-proxying)
2017-06-29 15:58:57.770  INFO 6940 --- [restartedMain] trationDelegate$BeanPostProcessorChecker : Bean 'dataSource' of type [com.alibaba.druid.pool.DruidDataSource] is not eligible for getting processed by all BeanPostProcessors (for example: not eligible for auto-proxying)
2017-06-29 15:58:57.785  INFO 6940 --- [restartedMain] trationDelegate$BeanPostProcessorChecker : Bean 'org.springframework.boot.autoconfigure.jdbc.DataSourceAutoConfiguration' of type [org.springframework.boot.autoconfigure.jdbc.DataSourceAutoConfiguration$$EnhancerBySpringCGLIB$$ebaaa828] is not eligible for getting processed by all BeanPostProcessors (for example: not eligible for auto-proxying)
2017-06-29 15:58:57.801  INFO 6940 --- [restartedMain] trationDelegate$BeanPostProcessorChecker : Bean 'dataSourceInitializer' of type [org.springframework.boot.autoconfigure.jdbc.DataSourceInitializer] is not eligible for getting processed by all BeanPostProcessors (for example: not eligible for auto-proxying)
2017-06-29 15:58:57.801  INFO 6940 --- [restartedMain] trationDelegate$BeanPostProcessorChecker : Bean 'myBatisConfig' of type [com.wanger.utils.mybatis.MyBatisConfig$$EnhancerBySpringCGLIB$$e97cca99] is not eligible for getting processed by all BeanPostProcessors (for example: not eligible for auto-proxying)
2017-06-29 15:58:57.817  INFO 6940 --- [restartedMain] trationDelegate$BeanPostProcessorChecker : Bean 'annotationDrivenTransactionManager' of type [org.springframework.jdbc.datasource.DataSourceTransactionManager] is not eligible for getting processed by all BeanPostProcessors (for example: not eligible for auto-proxying)
2017-06-29 15:58:57.817  INFO 6940 --- [restartedMain] trationDelegate$BeanPostProcessorChecker : Bean 'org.springframework.transaction.annotation.ProxyTransactionManagementConfiguration' of type [org.springframework.transaction.annotation.ProxyTransactionManagementConfiguration$$EnhancerBySpringCGLIB$$9b704c8] is not eligible for getting processed by all BeanPostProcessors (for example: not eligible for auto-proxying)
2017-06-29 15:58:58.113  INFO 6940 --- [restartedMain] s.b.c.e.t.TomcatEmbeddedServletContainer : Tomcat initialized with port(s): 8080 (http)
2017-06-29 15:58:58.129  INFO 6940 --- [restartedMain] o.apache.catalina.core.StandardService   : Starting service Tomcat
2017-06-29 15:58:58.129  INFO 6940 --- [restartedMain] org.apache.catalina.core.StandardEngine  : Starting Servlet Engine: Apache Tomcat/8.5.11
2017-06-29 15:58:58.253  INFO 6940 --- [localhost-startStop-1] o.a.c.c.C.[.[localhost].[/myspringboot]  : Initializing Spring embedded WebApplicationContext
2017-06-29 15:58:58.253  INFO 6940 --- [localhost-startStop-1] o.s.web.context.ContextLoader            : Root WebApplicationContext: initialization completed in 1763 ms
2017-06-29 15:58:58.425  INFO 6940 --- [localhost-startStop-1] o.s.b.w.servlet.ServletRegistrationBean  : Mapping servlet: 'dispatcherServlet' to [/]
2017-06-29 15:58:58.425  INFO 6940 --- [localhost-startStop-1] o.s.b.w.servlet.ServletRegistrationBean  : Mapping servlet: 'com.wanger.controller.druid.DruidStatViewServlet' to [/druid/*]
2017-06-29 15:58:58.425  INFO 6940 --- [localhost-startStop-1] o.s.b.w.servlet.FilterRegistrationBean   : Mapping filter: 'characterEncodingFilter' to: [/*]
2017-06-29 15:58:58.425  INFO 6940 --- [localhost-startStop-1] o.s.b.w.servlet.FilterRegistrationBean   : Mapping filter: 'hiddenHttpMethodFilter' to: [/*]
2017-06-29 15:58:58.425  INFO 6940 --- [localhost-startStop-1] o.s.b.w.servlet.FilterRegistrationBean   : Mapping filter: 'httpPutFormContentFilter' to: [/*]
2017-06-29 15:58:58.425  INFO 6940 --- [localhost-startStop-1] o.s.b.w.servlet.FilterRegistrationBean   : Mapping filter: 'requestContextFilter' to: [/*]
2017-06-29 15:58:58.425  INFO 6940 --- [localhost-startStop-1] o.s.b.w.servlet.FilterRegistrationBean   : Mapping filter: 'druidWebStatFilter' to urls: [/*]
2017-06-29 15:58:59.033  INFO 6940 --- [restartedMain] s.w.s.m.m.a.RequestMappingHandlerAdapter : Looking for @ControllerAdvice: org.springframework.boot.context.embedded.AnnotationConfigEmbeddedWebApplicationContext@1e4f266: startup date [Thu Jun 29 15:58:56 CST 2017]; root of context hierarchy
2017-06-29 15:58:59.097  INFO 6940 --- [restartedMain] s.w.s.m.m.a.RequestMappingHandlerMapping : Mapped "{[/hello1]}" onto public java.lang.String com.wanger.controller.HelloWorldController.findUser(java.lang.String)
2017-06-29 15:58:59.097  INFO 6940 --- [restartedMain] s.w.s.m.m.a.RequestMappingHandlerMapping : Mapped "{[/hello]}" onto public java.lang.String com.wanger.controller.HelloWorldController.index()
2017-06-29 15:58:59.097  INFO 6940 --- [restartedMain] s.w.s.m.m.a.RequestMappingHandlerMapping : Mapped "{[/error],produces=[text/html]}" onto public org.springframework.web.servlet.ModelAndView org.springframework.boot.autoconfigure.web.BasicErrorController.errorHtml(javax.servlet.http.HttpServletRequest,javax.servlet.http.HttpServletResponse)
2017-06-29 15:58:59.097  INFO 6940 --- [restartedMain] s.w.s.m.m.a.RequestMappingHandlerMapping : Mapped "{[/error]}" onto public org.springframework.http.ResponseEntity<java.util.Map<java.lang.String, java.lang.Object>> org.springframework.boot.autoconfigure.web.BasicErrorController.error(javax.servlet.http.HttpServletRequest)
2017-06-29 15:58:59.128  INFO 6940 --- [restartedMain] o.s.w.s.handler.SimpleUrlHandlerMapping  : Mapped URL path [/webjars/**] onto handler of type [class org.springframework.web.servlet.resource.ResourceHttpRequestHandler]
2017-06-29 15:58:59.128  INFO 6940 --- [restartedMain] o.s.w.s.handler.SimpleUrlHandlerMapping  : Mapped URL path [/**] onto handler of type [class org.springframework.web.servlet.resource.ResourceHttpRequestHandler]
2017-06-29 15:58:59.175  INFO 6940 --- [restartedMain] o.s.w.s.handler.SimpleUrlHandlerMapping  : Mapped URL path [/**/favicon.ico] onto handler of type [class org.springframework.web.servlet.resource.ResourceHttpRequestHandler]
2017-06-29 15:58:59.409  INFO 6940 --- [restartedMain] o.s.b.d.a.OptionalLiveReloadServer       : LiveReload server is running on port 35729
2017-06-29 15:58:59.549  INFO 6940 --- [restartedMain] o.s.j.e.a.AnnotationMBeanExporter        : Registering beans for JMX exposure on startup
2017-06-29 15:58:59.549  INFO 6940 --- [restartedMain] o.s.j.e.a.AnnotationMBeanExporter        : Bean with name 'dataSource' has been autodetected for JMX exposure
2017-06-29 15:58:59.549  INFO 6940 --- [restartedMain] o.s.j.e.a.AnnotationMBeanExporter        : Located MBean 'dataSource': registering with JMX server as MBean [com.alibaba.druid.pool:name=dataSource,type=DruidDataSource]
2017-06-29 15:58:59.596  INFO 6940 --- [restartedMain] s.b.c.e.t.TomcatEmbeddedServletContainer : Tomcat started on port(s): 8080 (http)
2017-06-29 15:58:59.612  INFO 6940 --- [restartedMain] com.wanger.TestApplication               : Started TestApplication in 3.497 seconds (JVM running for 3.778)
